#
# There is insufficient memory for the Java Runtime Environment to continue.
# Native memory allocation (mmap) failed to map 142606336 bytes for committing reserved memory.
# Possible reasons:
#   The system is out of physical RAM or swap space
#   In 32 bit mode, the process size limit was hit
# Possible solutions:
#   Reduce memory load on the system
#   Increase physical memory or swap space
#   Check if swap backing store is full
#   Use 64 bit Java on a 64 bit OS
#   Decrease Java heap size (-Xmx/-Xms)
#   Decrease number of Java threads
#   Decrease Java thread stack sizes (-Xss)
#   Set larger code cache with -XX:ReservedCodeCacheSize=
# This output file may be truncated or incomplete.
#
#  Out of Memory Error (os_linux.cpp:2627), pid=18063, tid=139688578602752
#
# JRE version: Java(TM) SE Runtime Environment (8.0_91-b14) (build 1.8.0_91-b14)
# Java VM: Java HotSpot(TM) 64-Bit Server VM (25.91-b14 mixed mode linux-amd64 compressed oops)
# Failed to write core dump. Core dumps have been disabled. To enable core dumping, try "ulimit -c unlimited" before starting Java again
#

---------------  T H R E A D  ---------------

Current thread (0x00007f0bc4078000):  VMThread [stack: 0x00007f0bc80b5000,0x00007f0bc81b6000] [id=18072]

Stack: [0x00007f0bc80b5000,0x00007f0bc81b6000],  sp=0x00007f0bc81b41a0,  free space=1020k
Native frames: (J=compiled Java code, j=interpreted, Vv=VM code, C=native code)
V  [libjvm.so+0xabc18a]  VMError::report_and_die()+0x2ba
V  [libjvm.so+0x4fafeb]  report_vm_out_of_memory(char const*, int, unsigned long, VMErrorType, char const*)+0x8b
V  [libjvm.so+0x91cbb3]  os::Linux::commit_memory_impl(char*, unsigned long, bool)+0x103
V  [libjvm.so+0x91d109]  os::pd_commit_memory(char*, unsigned long, unsigned long, bool)+0x29
V  [libjvm.so+0x91740a]  os::commit_memory(char*, unsigned long, unsigned long, bool)+0x2a
V  [libjvm.so+0x98b033]  PSVirtualSpace::expand_by(unsigned long)+0x53
V  [libjvm.so+0x98c438]  PSYoungGen::resize_generation(unsigned long, unsigned long)+0xf8
V  [libjvm.so+0x98b592]  PSYoungGen::resize(unsigned long, unsigned long)+0x22
V  [libjvm.so+0x98886b]  PSScavenge::invoke_no_policy()+0xf3b
V  [libjvm.so+0x988ff1]  PSScavenge::invoke()+0x41
V  [libjvm.so+0x9408b0]  ParallelScavengeHeap::failed_mem_allocate(unsigned long)+0x70
V  [libjvm.so+0xabdba7]  VM_ParallelGCFailedAllocation::doit()+0x97
V  [libjvm.so+0xac55d5]  VM_Operation::evaluate()+0x55
V  [libjvm.so+0xac39aa]  VMThread::evaluate_operation(VM_Operation*)+0xba
V  [libjvm.so+0xac3d2e]  VMThread::loop()+0x1ce
V  [libjvm.so+0xac41a0]  VMThread::run()+0x70
V  [libjvm.so+0x91ef78]  java_start(Thread*)+0x108

VM_Operation (0x00007f0bb4369a10): ParallelGCFailedAllocation, mode: safepoint, requested by thread 0x00007f0bc4145000


---------------  P R O C E S S  ---------------

Java Threads: ( => current thread )
  0x00007f0bc4147000 JavaThread "pool-1-thread-4" [_thread_blocked, id=18110, stack(0x00007f0bb416a000,0x00007f0bb426b000)]
  0x00007f0bc4145000 JavaThread "pool-1-thread-3" [_thread_blocked, id=18109, stack(0x00007f0bb426b000,0x00007f0bb436c000)]
  0x00007f0bc4144000 JavaThread "pool-1-thread-2" [_thread_blocked, id=18108, stack(0x00007f0bb436c000,0x00007f0bb446d000)]
  0x00007f0bc4141000 JavaThread "pool-2-thread-1" [_thread_blocked, id=18107, stack(0x00007f0bb446d000,0x00007f0bb456e000)]
  0x00007f0bc413f000 JavaThread "pool-1-thread-1" [_thread_blocked, id=18106, stack(0x00007f0bb456e000,0x00007f0bb466f000)]
  0x00007f0bc40c0800 JavaThread "Service Thread" daemon [_thread_blocked, id=18079, stack(0x00007f0bb4770000,0x00007f0bb4871000)]
  0x00007f0bc40bd000 JavaThread "C1 CompilerThread2" daemon [_thread_blocked, id=18078, stack(0x00007f0bb4871000,0x00007f0bb4972000)]
  0x00007f0bc40bb800 JavaThread "C2 CompilerThread1" daemon [_thread_blocked, id=18077, stack(0x00007f0bb4972000,0x00007f0bb4a73000)]
  0x00007f0bc40b8800 JavaThread "C2 CompilerThread0" daemon [_thread_blocked, id=18076, stack(0x00007f0bb4a73000,0x00007f0bb4b74000)]
  0x00007f0bc40b7000 JavaThread "Signal Dispatcher" daemon [_thread_blocked, id=18075, stack(0x00007f0bb4b74000,0x00007f0bb4c75000)]
  0x00007f0bc4084000 JavaThread "Finalizer" daemon [_thread_blocked, id=18074, stack(0x00007f0bb4dfe000,0x00007f0bb4eff000)]
  0x00007f0bc407f800 JavaThread "Reference Handler" daemon [_thread_blocked, id=18073, stack(0x00007f0bb4eff000,0x00007f0bb5000000)]
  0x00007f0bc400a000 JavaThread "main" [_thread_blocked, id=18065, stack(0x00007f0bcd729000,0x00007f0bcd82a000)]

Other Threads:
=>0x00007f0bc4078000 VMThread [stack: 0x00007f0bc80b5000,0x00007f0bc81b6000] [id=18072]
  0x00007f0bc40c3000 WatcherThread [stack: 0x00007f0bb466f000,0x00007f0bb4770000] [id=18080]

VM state:at safepoint (normal execution)

VM Mutex/Monitor currently owned by a thread:  ([mutex/lock_event])
[0x00007f0bc4006570] Threads_lock - owner thread: 0x00007f0bc4078000
[0x00007f0bc4006a70] Heap_lock - owner thread: 0x00007f0bc4145000

Heap:
 PSYoungGen      total 138752K, used 17916K [0x00000000eab00000, 0x00000000f4600000, 0x0000000100000000)
  eden space 120832K, 0% used [0x00000000eab00000,0x00000000eab00000,0x00000000f2100000)
  from space 17920K, 99% used [0x00000000f2100000,0x00000000f327f210,0x00000000f3280000)
  to   space 15872K, 0% used [0x00000000f3280000,0x00000000f3280000,0x00000000f4200000)
 ParOldGen       total 81920K, used 34411K [0x00000000c0000000, 0x00000000c5000000, 0x00000000eab00000)
  object space 81920K, 42% used [0x00000000c0000000,0x00000000c219aed0,0x00000000c5000000)
 Metaspace       used 6368K, capacity 7192K, committed 7424K, reserved 1056768K
  class space    used 614K, capacity 656K, committed 768K, reserved 1048576K

Card table byte_map: [0x00007f0bca313000,0x00007f0bca514000] byte_map_base: 0x00007f0bc9d13000

Marking Bits: (ParMarkBitMap*) 0x00007f0bccc20d60
 Begin Bits: [0x00007f0bae000000, 0x00007f0baf000000)
 End Bits:   [0x00007f0baf000000, 0x00007f0bb0000000)

Polling page: 0x00007f0bcd84c000

CodeCache: size=245760Kb used=7312Kb max_used=7320Kb free=238447Kb
 bounds [0x00007f0bb5000000, 0x00007f0bb5730000, 0x00007f0bc4000000]
 total_blobs=2177 nmethods=1907 adapters=182
 compilation: enabled

Compilation events (10 events):
Event: 9.072 Thread 0x00007f0bc40bd000 nmethod 2181 0x00007f0bb5723fd0 code [0x00007f0bb5724140, 0x00007f0bb5724318]
Event: 9.076 Thread 0x00007f0bc40bd000 2182       2       com.android.dx.dex.cf.AttributeTranslator::translateInnerClasses (356 bytes)
Event: 9.089 Thread 0x00007f0bc40bd000 nmethod 2182 0x00007f0bb5724e90 code [0x00007f0bb5725260, 0x00007f0bb57265d8]
Event: 9.109 Thread 0x00007f0bc40bd000 2183   !   2       java.util.zip.ZipFile::releaseInflater (41 bytes)
Event: 9.109 Thread 0x00007f0bc40bd000 nmethod 2183 0x00007f0bb57236d0 code [0x00007f0bb5723860, 0x00007f0bb5723d78]
Event: 9.150 Thread 0x00007f0bc40bd000 2185 %     3       com.android.dx.rop.code.DexTranslationAdvice::totalRopWidth @ 10 (36 bytes)
Event: 9.151 Thread 0x00007f0bc40bd000 nmethod 2185% 0x00007f0bb5721450 code [0x00007f0bb5721620, 0x00007f0bb5721e68]
Event: 9.151 Thread 0x00007f0bc40bd000 2187       2       java.util.concurrent.locks.AbstractQueuedSynchronizer::compareAndSetWaitStatus (13 bytes)
Event: 9.151 Thread 0x00007f0bc40bd000 nmethod 2187 0x00007f0bb572a010 code [0x00007f0bb572a160, 0x00007f0bb572a2b0]
Event: 9.151 Thread 0x00007f0bc40bd000 2186       2       com.android.dx.cf.attrib.AttInnerClasses::byteLength (14 bytes)

GC Heap History (10 events):
Event: 4.260 GC heap after
Heap after GC invocations=2 (full 0):
 PSYoungGen      total 35840K, used 5114K [0x00000000eab00000, 0x00000000ef100000, 0x0000000100000000)
  eden space 30720K, 0% used [0x00000000eab00000,0x00000000eab00000,0x00000000ec900000)
  from space 5120K, 99% used [0x00000000ece00000,0x00000000ed2fe8e0,0x00000000ed300000)
  to   space 5120K, 0% used [0x00000000ec900000,0x00000000ec900000,0x00000000ece00000)
 ParOldGen       total 81920K, used 1922K [0x00000000c0000000, 0x00000000c5000000, 0x00000000eab00000)
  object space 81920K, 2% used [0x00000000c0000000,0x00000000c01e09b0,0x00000000c5000000)
 Metaspace       used 5853K, capacity 6832K, committed 7040K, reserved 1056768K
  class space    used 594K, capacity 616K, committed 640K, reserved 1048576K
}
Event: 4.809 GC heap before
{Heap before GC invocations=3 (full 0):
 PSYoungGen      total 35840K, used 35834K [0x00000000eab00000, 0x00000000ef100000, 0x0000000100000000)
  eden space 30720K, 100% used [0x00000000eab00000,0x00000000ec900000,0x00000000ec900000)
  from space 5120K, 99% used [0x00000000ece00000,0x00000000ed2fe8e0,0x00000000ed300000)
  to   space 5120K, 0% used [0x00000000ec900000,0x00000000ec900000,0x00000000ece00000)
 ParOldGen       total 81920K, used 1922K [0x00000000c0000000, 0x00000000c5000000, 0x00000000eab00000)
  object space 81920K, 2% used [0x00000000c0000000,0x00000000c01e09b0,0x00000000c5000000)
 Metaspace       used 5900K, capacity 6896K, committed 7040K, reserved 1056768K
  class space    used 594K, capacity 616K, committed 640K, reserved 1048576K
Event: 4.841 GC heap after
Heap after GC invocations=3 (full 0):
 PSYoungGen      total 35840K, used 5112K [0x00000000eab00000, 0x00000000ef100000, 0x0000000100000000)
  eden space 30720K, 0% used [0x00000000eab00000,0x00000000eab00000,0x00000000ec900000)
  from space 5120K, 99% used [0x00000000ec900000,0x00000000ecdfe2d0,0x00000000ece00000)
  to   space 5120K, 0% used [0x00000000eec00000,0x00000000eec00000,0x00000000ef100000)
 ParOldGen       total 81920K, used 7074K [0x00000000c0000000, 0x00000000c5000000, 0x00000000eab00000)
  object space 81920K, 8% used [0x00000000c0000000,0x00000000c06e88d0,0x00000000c5000000)
 Metaspace       used 5900K, capacity 6896K, committed 7040K, reserved 1056768K
  class space    used 594K, capacity 616K, committed 640K, reserved 1048576K
}
Event: 5.380 GC heap before
{Heap before GC invocations=4 (full 0):
 PSYoungGen      total 35840K, used 35832K [0x00000000eab00000, 0x00000000ef100000, 0x0000000100000000)
  eden space 30720K, 100% used [0x00000000eab00000,0x00000000ec900000,0x00000000ec900000)
  from space 5120K, 99% used [0x00000000ec900000,0x00000000ecdfe2d0,0x00000000ece00000)
  to   space 5120K, 0% used [0x00000000eec00000,0x00000000eec00000,0x00000000ef100000)
 ParOldGen       total 81920K, used 7074K [0x00000000c0000000, 0x00000000c5000000, 0x00000000eab00000)
  object space 81920K, 8% used [0x00000000c0000000,0x00000000c06e88d0,0x00000000c5000000)
 Metaspace       used 5917K, capacity 6896K, committed 7040K, reserved 1056768K
  class space    used 594K, capacity 616K, committed 640K, reserved 1048576K
Event: 5.466 GC heap after
Heap after GC invocations=4 (full 0):
 PSYoungGen      total 66560K, used 5096K [0x00000000eab00000, 0x00000000ef100000, 0x0000000100000000)
  eden space 61440K, 0% used [0x00000000eab00000,0x00000000eab00000,0x00000000ee700000)
  from space 5120K, 99% used [0x00000000eec00000,0x00000000ef0fa2c0,0x00000000ef100000)
  to   space 5120K, 0% used [0x00000000ee700000,0x00000000ee700000,0x00000000eec00000)
 ParOldGen       total 81920K, used 11383K [0x00000000c0000000, 0x00000000c5000000, 0x00000000eab00000)
  object space 81920K, 13% used [0x00000000c0000000,0x00000000c0b1de88,0x00000000c5000000)
 Metaspace       used 5917K, capacity 6896K, committed 7040K, reserved 1056768K
  class space    used 594K, capacity 616K, committed 640K, reserved 1048576K
}
Event: 6.224 GC heap before
{Heap before GC invocations=5 (full 0):
 PSYoungGen      total 66560K, used 66536K [0x00000000eab00000, 0x00000000ef100000, 0x0000000100000000)
  eden space 61440K, 100% used [0x00000000eab00000,0x00000000ee700000,0x00000000ee700000)
  from space 5120K, 99% used [0x00000000eec00000,0x00000000ef0fa2c0,0x00000000ef100000)
  to   space 5120K, 0% used [0x00000000ee700000,0x00000000ee700000,0x00000000eec00000)
 ParOldGen       total 81920K, used 11383K [0x00000000c0000000, 0x00000000c5000000, 0x00000000eab00000)
  object space 81920K, 13% used [0x00000000c0000000,0x00000000c0b1de88,0x00000000c5000000)
 Metaspace       used 5983K, capacity 6960K, committed 7040K, reserved 1056768K
  class space    used 594K, capacity 616K, committed 640K, reserved 1048576K
Event: 6.319 GC heap after
Heap after GC invocations=5 (full 0):
 PSYoungGen      total 66560K, used 5090K [0x00000000eab00000, 0x00000000f4200000, 0x0000000100000000)
  eden space 61440K, 0% used [0x00000000eab00000,0x00000000eab00000,0x00000000ee700000)
  from space 5120K, 99% used [0x00000000ee700000,0x00000000eebf8900,0x00000000eec00000)
  to   space 15872K, 0% used [0x00000000f3280000,0x00000000f3280000,0x00000000f4200000)
 ParOldGen       total 81920K, used 20120K [0x00000000c0000000, 0x00000000c5000000, 0x00000000eab00000)
  object space 81920K, 24% used [0x00000000c0000000,0x00000000c13a6370,0x00000000c5000000)
 Metaspace       used 5983K, capacity 6960K, committed 7040K, reserved 1056768K
  class space    used 594K, capacity 616K, committed 640K, reserved 1048576K
}
Event: 7.401 GC heap before
{Heap before GC invocations=6 (full 0):
 PSYoungGen      total 66560K, used 66530K [0x00000000eab00000, 0x00000000f4200000, 0x0000000100000000)
  eden space 61440K, 100% used [0x00000000eab00000,0x00000000ee700000,0x00000000ee700000)
  from space 5120K, 99% used [0x00000000ee700000,0x00000000eebf8900,0x00000000eec00000)
  to   space 15872K, 0% used [0x00000000f3280000,0x00000000f3280000,0x00000000f4200000)
 ParOldGen       total 81920K, used 20120K [0x00000000c0000000, 0x00000000c5000000, 0x00000000eab00000)
  object space 81920K, 24% used [0x00000000c0000000,0x00000000c13a6370,0x00000000c5000000)
 Metaspace       used 6079K, capacity 7024K, committed 7296K, reserved 1056768K
  class space    used 594K, capacity 616K, committed 640K, reserved 1048576K
Event: 7.574 GC heap after
Heap after GC invocations=6 (full 0):
 PSYoungGen      total 136704K, used 15219K [0x00000000eab00000, 0x00000000f4600000, 0x0000000100000000)
  eden space 120832K, 0% used [0x00000000eab00000,0x00000000eab00000,0x00000000f2100000)
  from space 15872K, 95% used [0x00000000f3280000,0x00000000f415cfb8,0x00000000f4200000)
  to   space 17920K, 0% used [0x00000000f2100000,0x00000000f2100000,0x00000000f3280000)
 ParOldGen       total 81920K, used 20120K [0x00000000c0000000, 0x00000000c5000000, 0x00000000eab00000)
  object space 81920K, 24% used [0x00000000c0000000,0x00000000c13a6370,0x00000000c5000000)
 Metaspace       used 6079K, capacity 7024K, committed 7296K, reserved 1056768K
  class space    used 594K, capacity 616K, committed 640K, reserved 1048576K
}
Event: 9.156 GC heap before
{Heap before GC invocations=7 (full 0):
 PSYoungGen      total 136704K, used 136051K [0x00000000eab00000, 0x00000000f4600000, 0x0000000100000000)
  eden space 120832K, 100% used [0x00000000eab00000,0x00000000f2100000,0x00000000f2100000)
  from space 15872K, 95% used [0x00000000f3280000,0x00000000f415cfb8,0x00000000f4200000)
  to   space 17920K, 0% used [0x00000000f2100000,0x00000000f2100000,0x00000000f3280000)
 ParOldGen       total 81920K, used 20120K [0x00000000c0000000, 0x00000000c5000000, 0x00000000eab00000)
  object space 81920K, 24% used [0x00000000c0000000,0x00000000c13a6370,0x00000000c5000000)
 Metaspace       used 6368K, capacity 7192K, committed 7424K, reserved 1056768K
  class space    used 614K, capacity 656K, committed 768K, reserved 1048576K

Deoptimization events (10 events):
Event: 6.622 Thread 0x00007f0bc413f000 Uncommon trap: reason=bimorphic action=maybe_recompile pc=0x00007f0bb5533b80 method=com.android.dx.ssa.NormalSsaInsn.accept(Lcom/android/dx/ssa/SsaInsn$Visitor;)V @ 9
Event: 6.622 Thread 0x00007f0bc413f000 Uncommon trap: reason=bimorphic action=maybe_recompile pc=0x00007f0bb5533b80 method=com.android.dx.ssa.NormalSsaInsn.accept(Lcom/android/dx/ssa/SsaInsn$Visitor;)V @ 9
Event: 6.623 Thread 0x00007f0bc413f000 Uncommon trap: reason=bimorphic action=maybe_recompile pc=0x00007f0bb5533b80 method=com.android.dx.ssa.NormalSsaInsn.accept(Lcom/android/dx/ssa/SsaInsn$Visitor;)V @ 9
Event: 6.638 Thread 0x00007f0bc413f000 Uncommon trap: reason=class_check action=maybe_recompile pc=0x00007f0bb53ad450 method=java.util.HashMap.putVal(ILjava/lang/Object;Ljava/lang/Object;ZZ)Ljava/lang/Object; @ 203
Event: 8.225 Thread 0x00007f0bc4144000 Uncommon trap: reason=unstable_if action=reinterpret pc=0x00007f0bb55c2c48 method=java.util.HashMap.putVal(ILjava/lang/Object;Ljava/lang/Object;ZZ)Ljava/lang/Object; @ 94
Event: 8.242 Thread 0x00007f0bc4147000 Uncommon trap: reason=unstable_if action=reinterpret pc=0x00007f0bb52f9100 method=java.util.HashMap.putVal(ILjava/lang/Object;Ljava/lang/Object;ZZ)Ljava/lang/Object; @ 162
Event: 8.251 Thread 0x00007f0bc4147000 Uncommon trap: reason=unstable_if action=reinterpret pc=0x00007f0bb55cd7ec method=java.util.HashMap.getNode(ILjava/lang/Object;)Ljava/util/HashMap$Node; @ 84
Event: 8.616 Thread 0x00007f0bc400a000 Uncommon trap: reason=bimorphic action=maybe_recompile pc=0x00007f0bb55b679c method=com.android.dx.ssa.LiteralOpUpgrader.tryReplacingWithConstant(Lcom/android/dx/ssa/NormalSsaInsn;)Z @ 62
Event: 8.625 Thread 0x00007f0bc413f000 Uncommon trap: reason=unstable_if action=reinterpret pc=0x00007f0bb550a240 method=com.android.dx.ssa.MoveParamCombiner$1.visitNonMoveInsn(Lcom/android/dx/ssa/NormalSsaInsn;)V @ 27
Event: 8.642 Thread 0x00007f0bc400a000 Uncommon trap: reason=bimorphic action=maybe_recompile pc=0x00007f0bb55b679c method=com.android.dx.ssa.LiteralOpUpgrader.tryReplacingWithConstant(Lcom/android/dx/ssa/NormalSsaInsn;)Z @ 62

Internal exceptions (6 events):
Event: 0.191 Thread 0x00007f0bc400a000 Exception <a 'java/lang/NoSuchMethodError': Method sun.misc.Unsafe.defineClass(Ljava/lang/String;[BII)Ljava/lang/Class; name or signature does not match> (0x00000000eab07cc0) thrown at [/HUDSON/workspace/8-2-build-linux-amd64/jdk8u91/6644/hotspot/src/shar
Event: 0.191 Thread 0x00007f0bc400a000 Exception <a 'java/lang/NoSuchMethodError': Method sun.misc.Unsafe.prefetchRead(Ljava/lang/Object;J)V name or signature does not match> (0x00000000eab07fa8) thrown at [/HUDSON/workspace/8-2-build-linux-amd64/jdk8u91/6644/hotspot/src/share/vm/prims/jni.cpp
Event: 4.261 Thread 0x00007f0bc4147000 Implicit null exception at 0x00007f0bb52bd593 to 0x00007f0bb52bfa7d
Event: 8.244 Thread 0x00007f0bc4147000 Exception <a 'java/lang/ArrayIndexOutOfBoundsException': 18> (0x00000000ed65f5a8) thrown at [/HUDSON/workspace/8-2-build-linux-amd64/jdk8u91/6644/hotspot/src/share/vm/interpreter/interpreterRuntime.cpp, line 366]
Event: 8.249 Thread 0x00007f0bc4147000 Exception <a 'java/lang/ArrayIndexOutOfBoundsException': 145> (0x00000000ed661128) thrown at [/HUDSON/workspace/8-2-build-linux-amd64/jdk8u91/6644/hotspot/src/share/vm/interpreter/interpreterRuntime.cpp, line 366]
Event: 8.250 Thread 0x00007f0bc4147000 Exception <a 'java/lang/ArrayIndexOutOfBoundsException': 40> (0x00000000ed662410) thrown at [/HUDSON/workspace/8-2-build-linux-amd64/jdk8u91/6644/hotspot/src/share/vm/interpreter/interpreterRuntime.cpp, line 366]

Events (10 events):
Event: 8.724 Thread 0x00007f0bc4145000 DEOPT UNPACKING pc=0x00007f0bb5047633 sp=0x00007f0bb4369b00 mode 0
Event: 8.730 Thread 0x00007f0bc413f000 DEOPT PACKING pc=0x00007f0bb54a7903 sp=0x00007f0bb466d210
Event: 8.730 Thread 0x00007f0bc413f000 DEOPT UNPACKING pc=0x00007f0bb5047633 sp=0x00007f0bb466cf80 mode 0
Event: 8.732 Thread 0x00007f0bc400a000 DEOPT PACKING pc=0x00007f0bb555c52c sp=0x00007f0bcd827830
Event: 8.732 Thread 0x00007f0bc400a000 DEOPT UNPACKING pc=0x00007f0bb5047633 sp=0x00007f0bcd827618 mode 0
Event: 8.733 Thread 0x00007f0bc400a000 DEOPT PACKING pc=0x00007f0bb555ba2d sp=0x00007f0bcd8279a0
Event: 8.733 Thread 0x00007f0bc400a000 DEOPT UNPACKING pc=0x00007f0bb5047633 sp=0x00007f0bcd8276f8 mode 0
Event: 9.009 Thread 0x00007f0bc400a000 DEOPT PACKING pc=0x00007f0bb53e1342 sp=0x00007f0bcd827950
Event: 9.009 Thread 0x00007f0bc400a000 DEOPT UNPACKING pc=0x00007f0bb5047633 sp=0x00007f0bcd827690 mode 0
Event: 9.154 Executing VM operation: ParallelGCFailedAllocation


Dynamic libraries:
00400000-00401000 r-xp 00000000 08:11 3036817                            /usr/lib/jvm/java-8-oracle/bin/java
00600000-00601000 rw-p 00000000 08:11 3036817                            /usr/lib/jvm/java-8-oracle/bin/java
02301000-02322000 rw-p 00000000 00:00 0                                  [heap]
c0000000-c5000000 rw-p 00000000 00:00 0 
c5000000-eab00000 ---p 00000000 00:00 0 
eab00000-f4600000 rw-p 00000000 00:00 0 
fce00000-100000000 ---p 00000000 00:00 0 
100000000-1000c0000 rw-p 00000000 00:00 0 
1000c0000-140000000 ---p 00000000 00:00 0 
7f0b60000000-7f0b60021000 rw-p 00000000 00:00 0 
7f0b60021000-7f0b64000000 ---p 00000000 00:00 0 
7f0b68000000-7f0b68021000 rw-p 00000000 00:00 0 
7f0b68021000-7f0b6c000000 ---p 00000000 00:00 0 
7f0b6c000000-7f0b6c028000 rw-p 00000000 00:00 0 
7f0b6c028000-7f0b70000000 ---p 00000000 00:00 0 
7f0b70000000-7f0b70023000 rw-p 00000000 00:00 0 
7f0b70023000-7f0b74000000 ---p 00000000 00:00 0 
7f0b74000000-7f0b74021000 rw-p 00000000 00:00 0 
7f0b74021000-7f0b78000000 ---p 00000000 00:00 0 
7f0b78000000-7f0b78021000 rw-p 00000000 00:00 0 
7f0b78021000-7f0b7c000000 ---p 00000000 00:00 0 
7f0b7c000000-7f0b7c021000 rw-p 00000000 00:00 0 
7f0b7c021000-7f0b80000000 ---p 00000000 00:00 0 
7f0b80000000-7f0b8068a000 rw-p 00000000 00:00 0 
7f0b8068a000-7f0b84000000 ---p 00000000 00:00 0 
7f0b84000000-7f0b847f5000 rw-p 00000000 00:00 0 
7f0b847f5000-7f0b88000000 ---p 00000000 00:00 0 
7f0b88000000-7f0b88021000 rw-p 00000000 00:00 0 
7f0b88021000-7f0b8c000000 ---p 00000000 00:00 0 
7f0b8c000000-7f0b8c791000 rw-p 00000000 00:00 0 
7f0b8c791000-7f0b90000000 ---p 00000000 00:00 0 
7f0b90000000-7f0b90021000 rw-p 00000000 00:00 0 
7f0b90021000-7f0b94000000 ---p 00000000 00:00 0 
7f0b94000000-7f0b94021000 rw-p 00000000 00:00 0 
7f0b94021000-7f0b98000000 ---p 00000000 00:00 0 
7f0b98000000-7f0b98021000 rw-p 00000000 00:00 0 
7f0b98021000-7f0b9c000000 ---p 00000000 00:00 0 
7f0b9c000000-7f0b9c28c000 rw-p 00000000 00:00 0 
7f0b9c28c000-7f0ba0000000 ---p 00000000 00:00 0 
7f0ba0000000-7f0ba0021000 rw-p 00000000 00:00 0 
7f0ba0021000-7f0ba4000000 ---p 00000000 00:00 0 
7f0ba8000000-7f0ba8021000 rw-p 00000000 00:00 0 
7f0ba8021000-7f0bac000000 ---p 00000000 00:00 0 
7f0bae000000-7f0bb0000000 rw-p 00000000 00:00 0 
7f0bb0000000-7f0bb0021000 rw-p 00000000 00:00 0 
7f0bb0021000-7f0bb4000000 ---p 00000000 00:00 0 
7f0bb416a000-7f0bb416d000 ---p 00000000 00:00 0 
7f0bb416d000-7f0bb426b000 rw-p 00000000 00:00 0                          [stack:18110]
7f0bb426b000-7f0bb426e000 ---p 00000000 00:00 0 
7f0bb426e000-7f0bb436c000 rw-p 00000000 00:00 0                          [stack:18109]
7f0bb436c000-7f0bb436f000 ---p 00000000 00:00 0 
7f0bb436f000-7f0bb446d000 rw-p 00000000 00:00 0                          [stack:18108]
7f0bb446d000-7f0bb4470000 ---p 00000000 00:00 0 
7f0bb4470000-7f0bb456e000 rw-p 00000000 00:00 0                          [stack:18107]
7f0bb456e000-7f0bb4571000 ---p 00000000 00:00 0 
7f0bb4571000-7f0bb466f000 rw-p 00000000 00:00 0                          [stack:18106]
7f0bb466f000-7f0bb4670000 ---p 00000000 00:00 0 
7f0bb4670000-7f0bb4770000 rw-p 00000000 00:00 0                          [stack:18080]
7f0bb4770000-7f0bb4773000 ---p 00000000 00:00 0 
7f0bb4773000-7f0bb4871000 rw-p 00000000 00:00 0                          [stack:18079]
7f0bb4871000-7f0bb4874000 ---p 00000000 00:00 0 
7f0bb4874000-7f0bb4972000 rw-p 00000000 00:00 0                          [stack:18078]
7f0bb4972000-7f0bb4975000 ---p 00000000 00:00 0 
7f0bb4975000-7f0bb4a73000 rw-p 00000000 00:00 0                          [stack:18077]
7f0bb4a73000-7f0bb4a76000 ---p 00000000 00:00 0 
7f0bb4a76000-7f0bb4b74000 rw-p 00000000 00:00 0                          [stack:18076]
7f0bb4b74000-7f0bb4b77000 ---p 00000000 00:00 0 
7f0bb4b77000-7f0bb4c75000 rw-p 00000000 00:00 0                          [stack:18075]
7f0bb4c75000-7f0bb4dfe000 r--p 00000000 08:11 2641515                    /usr/lib/locale/locale-archive
7f0bb4dfe000-7f0bb4e01000 ---p 00000000 00:00 0 
7f0bb4e01000-7f0bb4eff000 rw-p 00000000 00:00 0                          [stack:18074]
7f0bb4eff000-7f0bb4f02000 ---p 00000000 00:00 0 
7f0bb4f02000-7f0bb5000000 rw-p 00000000 00:00 0                          [stack:18073]
7f0bb5000000-7f0bb5730000 rwxp 00000000 00:00 0 
7f0bb5730000-7f0bc4000000 ---p 00000000 00:00 0 
7f0bc4000000-7f0bc4394000 rw-p 00000000 00:00 0 
7f0bc4394000-7f0bc8000000 ---p 00000000 00:00 0 
7f0bc8090000-7f0bc80a7000 r--s 00101000 08:11 1710481                    /home/shavkat/AndroidStudioProjects/AndroidBozor/SDKTest2/app/build/intermediates/exploded-aar/com.android.support/support-v4/24.1.1/jars/classes.jar
7f0bc80a7000-7f0bc80b5000 r--s 000e0000 08:05 31494                      /media/data/android-sdk/build-tools/24.0.1/lib/dx.jar
7f0bc80b5000-7f0bc80b6000 ---p 00000000 00:00 0 
7f0bc80b6000-7f0bc916a000 rw-p 00000000 00:00 0                          [stack:18072]
7f0bc916a000-7f0bc9343000 r--s 03d1f000 08:11 3046686                    /usr/lib/jvm/java-8-oracle/jre/lib/rt.jar
7f0bc9343000-7f0bc9a39000 rw-p 00000000 00:00 0 
7f0bc9a39000-7f0bc9bb9000 ---p 00000000 00:00 0 
7f0bc9bb9000-7f0bc9db9000 rw-p 00000000 00:00 0 
7f0bc9db9000-7f0bc9dba000 ---p 00000000 00:00 0 
7f0bc9dba000-7f0bc9eba000 rw-p 00000000 00:00 0                          [stack:18071]
7f0bc9eba000-7f0bc9ebb000 ---p 00000000 00:00 0 
7f0bc9ebb000-7f0bc9fbb000 rw-p 00000000 00:00 0                          [stack:18070]
7f0bc9fbb000-7f0bc9fbc000 ---p 00000000 00:00 0 
7f0bc9fbc000-7f0bca0bc000 rw-p 00000000 00:00 0                          [stack:18069]
7f0bca0bc000-7f0bca0bd000 ---p 00000000 00:00 0 
7f0bca0bd000-7f0bca1e5000 rw-p 00000000 00:00 0                          [stack:18068]
7f0bca1e5000-7f0bca313000 ---p 00000000 00:00 0 
7f0bca313000-7f0bca33b000 rw-p 00000000 00:00 0 
7f0bca33b000-7f0bca468000 ---p 00000000 00:00 0 
7f0bca468000-7f0bca4b6000 rw-p 00000000 00:00 0 
7f0bca4b6000-7f0bca513000 ---p 00000000 00:00 0 
7f0bca513000-7f0bca531000 rw-p 00000000 00:00 0 
7f0bca531000-7f0bca8d4000 ---p 00000000 00:00 0 
7f0bca8d4000-7f0bca8ee000 r-xp 00000000 08:11 3046888                    /usr/lib/jvm/java-8-oracle/jre/lib/amd64/libzip.so
7f0bca8ee000-7f0bcaaee000 ---p 0001a000 08:11 3046888                    /usr/lib/jvm/java-8-oracle/jre/lib/amd64/libzip.so
7f0bcaaee000-7f0bcaaef000 rw-p 0001a000 08:11 3046888                    /usr/lib/jvm/java-8-oracle/jre/lib/amd64/libzip.so
7f0bcaaef000-7f0bcaafa000 r-xp 00000000 08:11 1970888                    /lib/x86_64-linux-gnu/libnss_files-2.19.so
7f0bcaafa000-7f0bcacf9000 ---p 0000b000 08:11 1970888                    /lib/x86_64-linux-gnu/libnss_files-2.19.so
7f0bcacf9000-7f0bcacfa000 r--p 0000a000 08:11 1970888                    /lib/x86_64-linux-gnu/libnss_files-2.19.so
7f0bcacfa000-7f0bcacfb000 rw-p 0000b000 08:11 1970888                    /lib/x86_64-linux-gnu/libnss_files-2.19.so
7f0bcacfb000-7f0bcad05000 r-xp 00000000 08:11 1974472                    /lib/x86_64-linux-gnu/libnss_nis-2.19.so
7f0bcad05000-7f0bcaf04000 ---p 0000a000 08:11 1974472                    /lib/x86_64-linux-gnu/libnss_nis-2.19.so
7f0bcaf04000-7f0bcaf05000 r--p 00009000 08:11 1974472                    /lib/x86_64-linux-gnu/libnss_nis-2.19.so
7f0bcaf05000-7f0bcaf06000 rw-p 0000a000 08:11 1974472                    /lib/x86_64-linux-gnu/libnss_nis-2.19.so
7f0bcaf06000-7f0bcaf1b000 r-xp 00000000 08:11 1970885                    /lib/x86_64-linux-gnu/libnsl-2.19.so
7f0bcaf1b000-7f0bcb11a000 ---p 00015000 08:11 1970885                    /lib/x86_64-linux-gnu/libnsl-2.19.so
7f0bcb11a000-7f0bcb11b000 r--p 00014000 08:11 1970885                    /lib/x86_64-linux-gnu/libnsl-2.19.so
7f0bcb11b000-7f0bcb11c000 rw-p 00015000 08:11 1970885                    /lib/x86_64-linux-gnu/libnsl-2.19.so
7f0bcb11c000-7f0bcb11e000 rw-p 00000000 00:00 0 
7f0bcb11e000-7f0bcb125000 r-xp 00000000 08:11 1970886                    /lib/x86_64-linux-gnu/libnss_compat-2.19.so
7f0bcb125000-7f0bcb324000 ---p 00007000 08:11 1970886                    /lib/x86_64-linux-gnu/libnss_compat-2.19.so
7f0bcb324000-7f0bcb325000 r--p 00006000 08:11 1970886                    /lib/x86_64-linux-gnu/libnss_compat-2.19.so
7f0bcb325000-7f0bcb326000 rw-p 00007000 08:11 1970886                    /lib/x86_64-linux-gnu/libnss_compat-2.19.so
7f0bcb326000-7f0bcb350000 r-xp 00000000 08:11 3046883                    /usr/lib/jvm/java-8-oracle/jre/lib/amd64/libjava.so
7f0bcb350000-7f0bcb550000 ---p 0002a000 08:11 3046883                    /usr/lib/jvm/java-8-oracle/jre/lib/amd64/libjava.so
7f0bcb550000-7f0bcb552000 rw-p 0002a000 08:11 3046883                    /usr/lib/jvm/java-8-oracle/jre/lib/amd64/libjava.so
7f0bcb552000-7f0bcb55f000 r-xp 00000000 08:11 3046887                    /usr/lib/jvm/java-8-oracle/jre/lib/amd64/libverify.so
7f0bcb55f000-7f0bcb75f000 ---p 0000d000 08:11 3046887                    /usr/lib/jvm/java-8-oracle/jre/lib/amd64/libverify.so
7f0bcb75f000-7f0bcb761000 rw-p 0000d000 08:11 3046887                    /usr/lib/jvm/java-8-oracle/jre/lib/amd64/libverify.so
7f0bcb761000-7f0bcb768000 r-xp 00000000 08:11 1974476                    /lib/x86_64-linux-gnu/librt-2.19.so
7f0bcb768000-7f0bcb967000 ---p 00007000 08:11 1974476                    /lib/x86_64-linux-gnu/librt-2.19.so
7f0bcb967000-7f0bcb968000 r--p 00006000 08:11 1974476                    /lib/x86_64-linux-gnu/librt-2.19.so
7f0bcb968000-7f0bcb969000 rw-p 00007000 08:11 1974476                    /lib/x86_64-linux-gnu/librt-2.19.so
7f0bcb969000-7f0bcba69000 r-xp 00000000 08:11 1970882                    /lib/x86_64-linux-gnu/libm-2.19.so
7f0bcba69000-7f0bcbc68000 ---p 00100000 08:11 1970882                    /lib/x86_64-linux-gnu/libm-2.19.so
7f0bcbc68000-7f0bcbc69000 r--p 000ff000 08:11 1970882                    /lib/x86_64-linux-gnu/libm-2.19.so
7f0bcbc69000-7f0bcbc6a000 rw-p 00100000 08:11 1970882                    /lib/x86_64-linux-gnu/libm-2.19.so
7f0bcbc6a000-7f0bcc92a000 r-xp 00000000 08:11 3046866                    /usr/lib/jvm/java-8-oracle/jre/lib/amd64/server/libjvm.so
7f0bcc92a000-7f0bccb2a000 ---p 00cc0000 08:11 3046866                    /usr/lib/jvm/java-8-oracle/jre/lib/amd64/server/libjvm.so
7f0bccb2a000-7f0bccc02000 rw-p 00cc0000 08:11 3046866                    /usr/lib/jvm/java-8-oracle/jre/lib/amd64/server/libjvm.so
7f0bccc02000-7f0bccc4d000 rw-p 00000000 00:00 0 
7f0bccc4d000-7f0bccdef000 r-xp 00000000 08:11 1969269                    /lib/x86_64-linux-gnu/libc-2.19.so
7f0bccdef000-7f0bccfee000 ---p 001a2000 08:11 1969269                    /lib/x86_64-linux-gnu/libc-2.19.so
7f0bccfee000-7f0bccff2000 r--p 001a1000 08:11 1969269                    /lib/x86_64-linux-gnu/libc-2.19.so
7f0bccff2000-7f0bccff4000 rw-p 001a5000 08:11 1969269                    /lib/x86_64-linux-gnu/libc-2.19.so
7f0bccff4000-7f0bccff8000 rw-p 00000000 00:00 0 
7f0bccff8000-7f0bccffb000 r-xp 00000000 08:11 1970881                    /lib/x86_64-linux-gnu/libdl-2.19.so
7f0bccffb000-7f0bcd1fa000 ---p 00003000 08:11 1970881                    /lib/x86_64-linux-gnu/libdl-2.19.so
7f0bcd1fa000-7f0bcd1fb000 r--p 00002000 08:11 1970881                    /lib/x86_64-linux-gnu/libdl-2.19.so
7f0bcd1fb000-7f0bcd1fc000 rw-p 00003000 08:11 1970881                    /lib/x86_64-linux-gnu/libdl-2.19.so
7f0bcd1fc000-7f0bcd211000 r-xp 00000000 08:11 3046501                    /usr/lib/jvm/java-8-oracle/lib/amd64/jli/libjli.so
7f0bcd211000-7f0bcd411000 ---p 00015000 08:11 3046501                    /usr/lib/jvm/java-8-oracle/lib/amd64/jli/libjli.so
7f0bcd411000-7f0bcd412000 rw-p 00015000 08:11 3046501                    /usr/lib/jvm/java-8-oracle/lib/amd64/jli/libjli.so
7f0bcd412000-7f0bcd42a000 r-xp 00000000 08:11 1966207                    /lib/x86_64-linux-gnu/libpthread-2.19.so
7f0bcd42a000-7f0bcd629000 ---p 00018000 08:11 1966207                    /lib/x86_64-linux-gnu/libpthread-2.19.so
7f0bcd629000-7f0bcd62a000 r--p 00017000 08:11 1966207                    /lib/x86_64-linux-gnu/libpthread-2.19.so
7f0bcd62a000-7f0bcd62b000 rw-p 00018000 08:11 1966207                    /lib/x86_64-linux-gnu/libpthread-2.19.so
7f0bcd62b000-7f0bcd62f000 rw-p 00000000 00:00 0 
7f0bcd62f000-7f0bcd64f000 r-xp 00000000 08:11 1969266                    /lib/x86_64-linux-gnu/ld-2.19.so
7f0bcd657000-7f0bcd729000 rw-p 00000000 00:00 0 
7f0bcd729000-7f0bcd72c000 ---p 00000000 00:00 0 
7f0bcd72c000-7f0bcd843000 rw-p 00000000 00:00 0                          [stack:18065]
7f0bcd843000-7f0bcd84b000 rw-s 00000000 08:11 2899375                    /tmp/hsperfdata_shavkat/18063
7f0bcd84b000-7f0bcd84c000 rw-p 00000000 00:00 0 
7f0bcd84c000-7f0bcd84d000 ---p 00000000 00:00 0 
7f0bcd84d000-7f0bcd84f000 rw-p 00000000 00:00 0 
7f0bcd84f000-7f0bcd850000 r--p 00020000 08:11 1969266                    /lib/x86_64-linux-gnu/ld-2.19.so
7f0bcd850000-7f0bcd851000 rw-p 00021000 08:11 1969266                    /lib/x86_64-linux-gnu/ld-2.19.so
7f0bcd851000-7f0bcd852000 rw-p 00000000 00:00 0 
7ffeeafac000-7ffeeafcd000 rw-p 00000000 00:00 0                          [stack]
7ffeeafee000-7ffeeaff0000 r-xp 00000000 00:00 0                          [vdso]
7ffeeaff0000-7ffeeaff2000 r--p 00000000 00:00 0                          [vvar]
ffffffffff600000-ffffffffff601000 r-xp 00000000 00:00 0                  [vsyscall]

VM Arguments:
jvm_args: -Djava.awt.headless=true -Xmx1024M -Dfile.encoding=UTF-8 -Duser.country=US -Duser.language=en -Duser.variant 
java_command: com.android.dx.command.Main --dex --force-jumbo --num-threads=4 --output /home/shavkat/AndroidStudioProjects/AndroidBozor/SDKTest2/app/build/intermediates/pre-dexed/debug/com.android.support-support-v4-24.1.1_9d3709cd0205f681b8f067eb1a591bc4970a5b52.jar /home/shavkat/AndroidStudioProjects/AndroidBozor/SDKTest2/app/build/intermediates/exploded-aar/com.android.support/support-v4/24.1.1/jars/classes.jar
java_class_path (initial): /media/data/android-sdk/build-tools/24.0.1/lib/dx.jar
Launcher Type: SUN_STANDARD

Environment Variables:
JAVA_HOME=/usr/lib/jvm/java-8-oracle
PATH=/usr/local/bin:/usr/bin:/bin:/usr/local/games:/usr/games:/usr/lib/jvm/java-8-oracle/bin:/usr/lib/jvm/java-8-oracle/db/bin:/usr/lib/jvm/java-8-oracle/jre/bin
USERNAME=shavkat
LD_LIBRARY_PATH=/home/shavkat/Programs/androidStudio2.1/android-studio/bin:
SHELL=/bin/bash
DISPLAY=:0

Signal Handlers:
SIGSEGV: [libjvm.so+0xabca10], sa_mask[0]=11111111011111111101111111111110, sa_flags=SA_RESTART|SA_SIGINFO
SIGBUS: [libjvm.so+0xabca10], sa_mask[0]=11111111011111111101111111111110, sa_flags=SA_RESTART|SA_SIGINFO
SIGFPE: [libjvm.so+0x919a20], sa_mask[0]=11111111011111111101111111111110, sa_flags=SA_RESTART|SA_SIGINFO
SIGPIPE: [libjvm.so+0x919a20], sa_mask[0]=11111111011111111101111111111110, sa_flags=SA_RESTART|SA_SIGINFO
SIGXFSZ: [libjvm.so+0x919a20], sa_mask[0]=11111111011111111101111111111110, sa_flags=SA_RESTART|SA_SIGINFO
SIGILL: [libjvm.so+0x919a20], sa_mask[0]=11111111011111111101111111111110, sa_flags=SA_RESTART|SA_SIGINFO
SIGUSR1: SIG_DFL, sa_mask[0]=00000000000000000000000000000000, sa_flags=none
SIGUSR2: [libjvm.so+0x91b050], sa_mask[0]=00100000000000000000000000000000, sa_flags=SA_RESTART|SA_SIGINFO
SIGHUP: [libjvm.so+0x91c450], sa_mask[0]=11111111011111111101111111111110, sa_flags=SA_RESTART|SA_SIGINFO
SIGINT: [libjvm.so+0x91c450], sa_mask[0]=11111111011111111101111111111110, sa_flags=SA_RESTART|SA_SIGINFO
SIGTERM: [libjvm.so+0x91c450], sa_mask[0]=11111111011111111101111111111110, sa_flags=SA_RESTART|SA_SIGINFO
SIGQUIT: [libjvm.so+0x91c450], sa_mask[0]=11111111011111111101111111111110, sa_flags=SA_RESTART|SA_SIGINFO


---------------  S Y S T E M  ---------------

OS:PRETTY_NAME="Debian GNU/Linux 8 (jessie)"
NAME="Debian GNU/Linux"
VERSION_ID="8"
VERSION="8 (jessie)"
ID=debian
HOME_URL="http://www.debian.org/"
SUPPORT_URL="http://www.debian.org/support"
BUG_REPORT_URL="https://bugs.debian.org/"

uname:Linux 3.16.0-4-amd64 #1 SMP Debian 3.16.7-ckt25-2 (2016-04-08) x86_64
libc:glibc 2.19 NPTL 2.19 
rlimit: STACK 8192k, CORE 0k, NPROC 30605, NOFILE 65536, AS infinity
load average:4.24 1.71 1.42

/proc/meminfo:
MemTotal:        7852000 kB
MemFree:          116784 kB
MemAvailable:      86704 kB
Buffers:            1592 kB
Cached:           918824 kB
SwapCached:            0 kB
Active:          6196936 kB
Inactive:         829464 kB
Active(anon):    6165528 kB
Inactive(anon):   800340 kB
Active(file):      31408 kB
Inactive(file):    29124 kB
Unevictable:        2656 kB
Mlocked:            2656 kB
SwapTotal:             0 kB
SwapFree:              0 kB
Dirty:               688 kB
Writeback:             0 kB
AnonPages:       6109340 kB
Mapped:           764176 kB
Shmem:            859468 kB
Slab:             115896 kB
SReclaimable:      48244 kB
SUnreclaim:        67652 kB
KernelStack:       16576 kB
PageTables:        66704 kB
NFS_Unstable:          0 kB
Bounce:                0 kB
WritebackTmp:          0 kB
CommitLimit:     3926000 kB
Committed_AS:   14806092 kB
VmallocTotal:   34359738367 kB
VmallocUsed:      604324 kB
VmallocChunk:   34359092392 kB
HardwareCorrupted:     0 kB
AnonHugePages:         0 kB
HugePages_Total:       0
HugePages_Free:        0
HugePages_Rsvd:        0
HugePages_Surp:        0
Hugepagesize:       2048 kB
DirectMap4k:       84736 kB
DirectMap2M:     2713600 kB
DirectMap1G:     5242880 kB


CPU:total 4 (2 cores per cpu, 2 threads per core) family 6 model 69 stepping 1, cmov, cx8, fxsr, mmx, sse, sse2, sse3, ssse3, sse4.1, sse4.2, popcnt, avx, avx2, aes, clmul, erms, lzcnt, ht, tsc, tscinvbit, bmi1, bmi2

/proc/cpuinfo:
processor	: 0
vendor_id	: GenuineIntel
cpu family	: 6
model		: 69
model name	: Intel(R) Core(TM) i5-4200U CPU @ 1.60GHz
stepping	: 1
microcode	: 0x10
cpu MHz		: 2300.000
cache size	: 3072 KB
physical id	: 0
siblings	: 4
core id		: 0
cpu cores	: 2
apicid		: 0
initial apicid	: 0
fpu		: yes
fpu_exception	: yes
cpuid level	: 13
wp		: yes
flags		: fpu vme de pse tsc msr pae mce cx8 apic sep mtrr pge mca cmov pat pse36 clflush dts acpi mmx fxsr sse sse2 ss ht tm pbe syscall nx pdpe1gb rdtscp lm constant_tsc arch_perfmon pebs bts rep_good nopl xtopology nonstop_tsc aperfmperf eagerfpu pni pclmulqdq dtes64 monitor ds_cpl vmx est tm2 ssse3 fma cx16 xtpr pdcm pcid sse4_1 sse4_2 movbe popcnt tsc_deadline_timer aes xsave avx f16c rdrand lahf_lm abm ida arat epb xsaveopt pln pts dtherm tpr_shadow vnmi flexpriority ept vpid fsgsbase tsc_adjust bmi1 avx2 smep bmi2 erms invpcid
bogomips	: 4589.51
clflush size	: 64
cache_alignment	: 64
address sizes	: 39 bits physical, 48 bits virtual
power management:

processor	: 1
vendor_id	: GenuineIntel
cpu family	: 6
model		: 69
model name	: Intel(R) Core(TM) i5-4200U CPU @ 1.60GHz
stepping	: 1
microcode	: 0x10
cpu MHz		: 2300.000
cache size	: 3072 KB
physical id	: 0
siblings	: 4
core id		: 0
cpu cores	: 2
apicid		: 1
initial apicid	: 1
fpu		: yes
fpu_exception	: yes
cpuid level	: 13
wp		: yes
flags		: fpu vme de pse tsc msr pae mce cx8 apic sep mtrr pge mca cmov pat pse36 clflush dts acpi mmx fxsr sse sse2 ss ht tm pbe syscall nx pdpe1gb rdtscp lm constant_tsc arch_perfmon pebs bts rep_good nopl xtopology nonstop_tsc aperfmperf eagerfpu pni pclmulqdq dtes64 monitor ds_cpl vmx est tm2 ssse3 fma cx16 xtpr pdcm pcid sse4_1 sse4_2 movbe popcnt tsc_deadline_timer aes xsave avx f16c rdrand lahf_lm abm ida arat epb xsaveopt pln pts dtherm tpr_shadow vnmi flexpriority ept vpid fsgsbase tsc_adjust bmi1 avx2 smep bmi2 erms invpcid
bogomips	: 4589.51
clflush size	: 64
cache_alignment	: 64
address sizes	: 39 bits physical, 48 bits virtual
power management:

processor	: 2
vendor_id	: GenuineIntel
cpu family	: 6
model		: 69
model name	: Intel(R) Core(TM) i5-4200U CPU @ 1.60GHz
stepping	: 1
microcode	: 0x10
cpu MHz		: 2300.000
cache size	: 3072 KB
physical id	: 0
siblings	: 4
core id		: 1
cpu cores	: 2
apicid		: 2
initial apicid	: 2
fpu		: yes
fpu_exception	: yes
cpuid level	: 13
wp		: yes
flags		: fpu vme de pse tsc msr pae mce cx8 apic sep mtrr pge mca cmov pat pse36 clflush dts acpi mmx fxsr sse sse2 ss ht tm pbe syscall nx pdpe1gb rdtscp lm constant_tsc arch_perfmon pebs bts rep_good nopl xtopology nonstop_tsc aperfmperf eagerfpu pni pclmulqdq dtes64 monitor ds_cpl vmx est tm2 ssse3 fma cx16 xtpr pdcm pcid sse4_1 sse4_2 movbe popcnt tsc_deadline_timer aes xsave avx f16c rdrand lahf_lm abm ida arat epb xsaveopt pln pts dtherm tpr_shadow vnmi flexpriority ept vpid fsgsbase tsc_adjust bmi1 avx2 smep bmi2 erms invpcid
bogomips	: 4589.51
clflush size	: 64
cache_alignment	: 64
address sizes	: 39 bits physical, 48 bits virtual
power management:

processor	: 3
vendor_id	: GenuineIntel
cpu family	: 6
model		: 69
model name	: Intel(R) Core(TM) i5-4200U CPU @ 1.60GHz
stepping	: 1
microcode	: 0x10
cpu MHz		: 2300.000
cache size	: 3072 KB
physical id	: 0
siblings	: 4
core id		: 1
cpu cores	: 2
apicid		: 3
initial apicid	: 3
fpu		: yes
fpu_exception	: yes
cpuid level	: 13
wp		: yes
flags		: fpu vme de pse tsc msr pae mce cx8 apic sep mtrr pge mca cmov pat pse36 clflush dts acpi mmx fxsr sse sse2 ss ht tm pbe syscall nx pdpe1gb rdtscp lm constant_tsc arch_perfmon pebs bts rep_good nopl xtopology nonstop_tsc aperfmperf eagerfpu pni pclmulqdq dtes64 monitor ds_cpl vmx est tm2 ssse3 fma cx16 xtpr pdcm pcid sse4_1 sse4_2 movbe popcnt tsc_deadline_timer aes xsave avx f16c rdrand lahf_lm abm ida arat epb xsaveopt pln pts dtherm tpr_shadow vnmi flexpriority ept vpid fsgsbase tsc_adjust bmi1 avx2 smep bmi2 erms invpcid
bogomips	: 4589.51
clflush size	: 64
cache_alignment	: 64
address sizes	: 39 bits physical, 48 bits virtual
power management:



Memory: 4k page, physical 7852000k(116784k free), swap 0k(0k free)

vm_info: Java HotSpot(TM) 64-Bit Server VM (25.91-b14) for linux-amd64 JRE (1.8.0_91-b14), built on Apr  1 2016 00:57:21 by "java_re" with gcc 4.3.0 20080428 (Red Hat 4.3.0-8)

time: Fri Nov  4 19:33:40 2016
elapsed time: 9 seconds (0d 0h 0m 9s)

